C:\Program Files (x86)\Microsoft Visual Studio\2019\Community\MSBuild\Microsoft\VC\v160\Microsoft.CppBuild.targets(491,5): warning MSB8028: O diretório intermediário (Debug\) contém arquivos compartilhados de outro projeto (base.vcxproj). Isso pode levar a um comportamento incorreto de limpeza e recompilação.
cl : linha de comando warning D9035: opção 'Gm' foi preterida e será removida em uma versão futura
  Player.cpp
  Minerio.cpp
C:\LibUni\libUnicornio-1.1.2\projetos\TheAdventure\Minerio.cpp(21,12): warning C4244: '=': conversão de 'int' para 'float', possível perda de dados
C:\LibUni\libUnicornio-1.1.2\projetos\TheAdventure\Minerio.cpp(22,12): warning C4244: '=': conversão de 'int' para 'float', possível perda de dados
C:\LibUni\libUnicornio-1.1.2\projetos\TheAdventure\Minerio.cpp(35,21): warning C4244: 'argumento': conversão de 'float' para 'int', possível perda de dados
C:\LibUni\libUnicornio-1.1.2\projetos\TheAdventure\Minerio.cpp(35,18): warning C4244: 'argumento': conversão de 'float' para 'int', possível perda de dados
C:\LibUni\libUnicornio-1.1.2\projetos\TheAdventure\Minerio.cpp(55,13): warning C4244: 'return': conversão de 'float' para 'int', possível perda de dados
C:\LibUni\libUnicornio-1.1.2\projetos\TheAdventure\Minerio.cpp(60,13): warning C4244: 'return': conversão de 'float' para 'int', possível perda de dados
  main.cpp
  Jogo.cpp
C:\LibUni\libUnicornio-1.1.2\projetos\TheAdventure\Jogo.cpp(81,32): warning C4305: 'argumento': truncamento de 'double' para 'float'
C:\LibUni\libUnicornio-1.1.2\projetos\TheAdventure\Jogo.cpp(86,29): warning C4305: 'argumento': truncamento de 'double' para 'float'
C:\LibUni\libUnicornio-1.1.2\projetos\TheAdventure\Jogo.cpp(193,43): warning C4244: '=': conversão de 'double' para 'int', possível perda de dados
C:\LibUni\libUnicornio-1.1.2\projetos\TheAdventure\Jogo.cpp(196,85): warning C4244: '=': conversão de 'double' para 'int', possível perda de dados
C:\LibUni\libUnicornio-1.1.2\projetos\TheAdventure\Jogo.cpp(198,30): warning C4244: '=': conversão de 'double' para 'int', possível perda de dados
C:\LibUni\libUnicornio-1.1.2\projetos\TheAdventure\Jogo.cpp(698,55): warning C4244: '=': conversão de 'double' para 'int', possível perda de dados
C:\LibUni\libUnicornio-1.1.2\projetos\TheAdventure\Jogo.cpp(699,34): warning C4244: '=': conversão de 'double' para 'int', possível perda de dados
C:\LibUni\libUnicornio-1.1.2\projetos\TheAdventure\Jogo.cpp(744,43): warning C4244: '=': conversão de 'double' para 'int', possível perda de dados
C:\LibUni\libUnicornio-1.1.2\projetos\TheAdventure\Jogo.cpp(747,85): warning C4244: '=': conversão de 'double' para 'int', possível perda de dados
C:\LibUni\libUnicornio-1.1.2\projetos\TheAdventure\Jogo.cpp(749,30): warning C4244: '=': conversão de 'double' para 'int', possível perda de dados
  Gerando Código...
C:\LibUni\libUnicornio-1.1.2\projetos\TheAdventure\Player.cpp(96): warning C4715: 'Player::getUp': nem todos os caminhos de controle retornam um valor
Jogo.obj : warning LNK4075: ignorando '/EDITANDCONTINUE' devido a especificação '/SAFESEH'
libUnicornio_d.lib(Audio.obj) : warning LNK4099: PDB 'libUnicornio-Windows.pdb' não foi encontrado 'libUnicornio_d.lib(Audio.obj)' ou no 'C:\LibUni\libUnicornio-1.1.2\projetos\TheAdventure\bin\libUnicornio-Windows.pdb'; vinculando objeto quando quando sem nenhuma informação de depuração
libUnicornio_d.lib(GerenciadorDeMusica.obj) : warning LNK4099: PDB 'libUnicornio-Windows.pdb' não foi encontrado 'libUnicornio_d.lib(GerenciadorDeMusica.obj)' ou no 'C:\LibUni\libUnicornio-1.1.2\projetos\TheAdventure\bin\libUnicornio-Windows.pdb'; vinculando objeto quando quando sem nenhuma informação de depuração
libUnicornio_d.lib(MixadorDeAudios.obj) : warning LNK4099: PDB 'libUnicornio-Windows.pdb' não foi encontrado 'libUnicornio_d.lib(MixadorDeAudios.obj)' ou no 'C:\LibUni\libUnicornio-1.1.2\projetos\TheAdventure\bin\libUnicornio-Windows.pdb'; vinculando objeto quando quando sem nenhuma informação de depuração
libUnicornio_d.lib(Musica.obj) : warning LNK4099: PDB 'libUnicornio-Windows.pdb' não foi encontrado 'libUnicornio_d.lib(Musica.obj)' ou no 'C:\LibUni\libUnicornio-1.1.2\projetos\TheAdventure\bin\libUnicornio-Windows.pdb'; vinculando objeto quando quando sem nenhuma informação de depuração
libUnicornio_d.lib(Som.obj) : warning LNK4099: PDB 'libUnicornio-Windows.pdb' não foi encontrado 'libUnicornio_d.lib(Som.obj)' ou no 'C:\LibUni\libUnicornio-1.1.2\projetos\TheAdventure\bin\libUnicornio-Windows.pdb'; vinculando objeto quando quando sem nenhuma informação de depuração
libUnicornio_d.lib(uniTestarColisao.obj) : warning LNK4099: PDB 'libUnicornio-Windows.pdb' não foi encontrado 'libUnicornio_d.lib(uniTestarColisao.obj)' ou no 'C:\LibUni\libUnicornio-1.1.2\projetos\TheAdventure\bin\libUnicornio-Windows.pdb'; vinculando objeto quando quando sem nenhuma informação de depuração
libUnicornio_d.lib(PainelDeDebug.obj) : warning LNK4099: PDB 'libUnicornio-Windows.pdb' não foi encontrado 'libUnicornio_d.lib(PainelDeDebug.obj)' ou no 'C:\LibUni\libUnicornio-1.1.2\projetos\TheAdventure\bin\libUnicornio-Windows.pdb'; vinculando objeto quando quando sem nenhuma informação de depuração
libUnicornio_d.lib(GerenciadorDeEventos.obj) : warning LNK4099: PDB 'libUnicornio-Windows.pdb' não foi encontrado 'libUnicornio_d.lib(GerenciadorDeEventos.obj)' ou no 'C:\LibUni\libUnicornio-1.1.2\projetos\TheAdventure\bin\libUnicornio-Windows.pdb'; vinculando objeto quando quando sem nenhuma informação de depuração
libUnicornio_d.lib(EventosInputTexto.obj) : warning LNK4099: PDB 'libUnicornio-Windows.pdb' não foi encontrado 'libUnicornio_d.lib(EventosInputTexto.obj)' ou no 'C:\LibUni\libUnicornio-1.1.2\projetos\TheAdventure\bin\libUnicornio-Windows.pdb'; vinculando objeto quando quando sem nenhuma informação de depuração
libUnicornio_d.lib(EventosJoysticks.obj) : warning LNK4099: PDB 'libUnicornio-Windows.pdb' não foi encontrado 'libUnicornio_d.lib(EventosJoysticks.obj)' ou no 'C:\LibUni\libUnicornio-1.1.2\projetos\TheAdventure\bin\libUnicornio-Windows.pdb'; vinculando objeto quando quando sem nenhuma informação de depuração
libUnicornio_d.lib(EventosMouse.obj) : warning LNK4099: PDB 'libUnicornio-Windows.pdb' não foi encontrado 'libUnicornio_d.lib(EventosMouse.obj)' ou no 'C:\LibUni\libUnicornio-1.1.2\projetos\TheAdventure\bin\libUnicornio-Windows.pdb'; vinculando objeto quando quando sem nenhuma informação de depuração
libUnicornio_d.lib(EventosTeclado.obj) : warning LNK4099: PDB 'libUnicornio-Windows.pdb' não foi encontrado 'libUnicornio_d.lib(EventosTeclado.obj)' ou no 'C:\LibUni\libUnicornio-1.1.2\projetos\TheAdventure\bin\libUnicornio-Windows.pdb'; vinculando objeto quando quando sem nenhuma informação de depuração
libUnicornio_d.lib(EventosToques.obj) : warning LNK4099: PDB 'libUnicornio-Windows.pdb' não foi encontrado 'libUnicornio_d.lib(EventosToques.obj)' ou no 'C:\LibUni\libUnicornio-1.1.2\projetos\TheAdventure\bin\libUnicornio-Windows.pdb'; vinculando objeto quando quando sem nenhuma informação de depuração
libUnicornio_d.lib(Joystick.obj) : warning LNK4099: PDB 'libUnicornio-Windows.pdb' não foi encontrado 'libUnicornio_d.lib(Joystick.obj)' ou no 'C:\LibUni\libUnicornio-1.1.2\projetos\TheAdventure\bin\libUnicornio-Windows.pdb'; vinculando objeto quando quando sem nenhuma informação de depuração
libUnicornio_d.lib(Global.obj) : warning LNK4099: PDB 'libUnicornio-Windows.pdb' não foi encontrado 'libUnicornio_d.lib(Global.obj)' ou no 'C:\LibUni\libUnicornio-1.1.2\projetos\TheAdventure\bin\libUnicornio-Windows.pdb'; vinculando objeto quando quando sem nenhuma informação de depuração
libUnicornio_d.lib(jsoncpp.obj) : warning LNK4099: PDB 'libUnicornio-Windows.pdb' não foi encontrado 'libUnicornio_d.lib(jsoncpp.obj)' ou no 'C:\LibUni\libUnicornio-1.1.2\projetos\TheAdventure\bin\libUnicornio-Windows.pdb'; vinculando objeto quando quando sem nenhuma informação de depuração
libUnicornio_d.lib(Quad.obj) : warning LNK4099: PDB 'libUnicornio-Windows.pdb' não foi encontrado 'libUnicornio_d.lib(Quad.obj)' ou no 'C:\LibUni\libUnicornio-1.1.2\projetos\TheAdventure\bin\libUnicornio-Windows.pdb'; vinculando objeto quando quando sem nenhuma informação de depuração
libUnicornio_d.lib(GerenciadorDeRecursos.obj) : warning LNK4099: PDB 'libUnicornio-Windows.pdb' não foi encontrado 'libUnicornio_d.lib(GerenciadorDeRecursos.obj)' ou no 'C:\LibUni\libUnicornio-1.1.2\projetos\TheAdventure\bin\libUnicornio-Windows.pdb'; vinculando objeto quando quando sem nenhuma informação de depuração
libUnicornio_d.lib(Cor.obj) : warning LNK4099: PDB 'libUnicornio-Windows.pdb' não foi encontrado 'libUnicornio_d.lib(Cor.obj)' ou no 'C:\LibUni\libUnicornio-1.1.2\projetos\TheAdventure\bin\libUnicornio-Windows.pdb'; vinculando objeto quando quando sem nenhuma informação de depuração
libUnicornio_d.lib(Fading.obj) : warning LNK4099: PDB 'libUnicornio-Windows.pdb' não foi encontrado 'libUnicornio_d.lib(Fading.obj)' ou no 'C:\LibUni\libUnicornio-1.1.2\projetos\TheAdventure\bin\libUnicornio-Windows.pdb'; vinculando objeto quando quando sem nenhuma informação de depuração
libUnicornio_d.lib(Fonte.obj) : warning LNK4099: PDB 'libUnicornio-Windows.pdb' não foi encontrado 'libUnicornio_d.lib(Fonte.obj)' ou no 'C:\LibUni\libUnicornio-1.1.2\projetos\TheAdventure\bin\libUnicornio-Windows.pdb'; vinculando objeto quando quando sem nenhuma informação de depuração
libUnicornio_d.lib(GerenciadorDeGraficos.obj) : warning LNK4099: PDB 'libUnicornio-Windows.pdb' não foi encontrado 'libUnicornio_d.lib(GerenciadorDeGraficos.obj)' ou no 'C:\LibUni\libUnicornio-1.1.2\projetos\TheAdventure\bin\libUnicornio-Windows.pdb'; vinculando objeto quando quando sem nenhuma informação de depuração
libUnicornio_d.lib(Janela.obj) : warning LNK4099: PDB 'libUnicornio-Windows.pdb' não foi encontrado 'libUnicornio_d.lib(Janela.obj)' ou no 'C:\LibUni\libUnicornio-1.1.2\projetos\TheAdventure\bin\libUnicornio-Windows.pdb'; vinculando objeto quando quando sem nenhuma informação de depuração
libUnicornio_d.lib(Sprite.obj) : warning LNK4099: PDB 'libUnicornio-Windows.pdb' não foi encontrado 'libUnicornio_d.lib(Sprite.obj)' ou no 'C:\LibUni\libUnicornio-1.1.2\projetos\TheAdventure\bin\libUnicornio-Windows.pdb'; vinculando objeto quando quando sem nenhuma informação de depuração
libUnicornio_d.lib(SpriteSheet.obj) : warning LNK4099: PDB 'libUnicornio-Windows.pdb' não foi encontrado 'libUnicornio_d.lib(SpriteSheet.obj)' ou no 'C:\LibUni\libUnicornio-1.1.2\projetos\TheAdventure\bin\libUnicornio-Windows.pdb'; vinculando objeto quando quando sem nenhuma informação de depuração
libUnicornio_d.lib(Texto.obj) : warning LNK4099: PDB 'libUnicornio-Windows.pdb' não foi encontrado 'libUnicornio_d.lib(Texto.obj)' ou no 'C:\LibUni\libUnicornio-1.1.2\projetos\TheAdventure\bin\libUnicornio-Windows.pdb'; vinculando objeto quando quando sem nenhuma informação de depuração
libUnicornio_d.lib(Textura.obj) : warning LNK4099: PDB 'libUnicornio-Windows.pdb' não foi encontrado 'libUnicornio_d.lib(Textura.obj)' ou no 'C:\LibUni\libUnicornio-1.1.2\projetos\TheAdventure\bin\libUnicornio-Windows.pdb'; vinculando objeto quando quando sem nenhuma informação de depuração
libUnicornio_d.lib(TexturaBase.obj) : warning LNK4099: PDB 'libUnicornio-Windows.pdb' não foi encontrado 'libUnicornio_d.lib(TexturaBase.obj)' ou no 'C:\LibUni\libUnicornio-1.1.2\projetos\TheAdventure\bin\libUnicornio-Windows.pdb'; vinculando objeto quando quando sem nenhuma informação de depuração
libUnicornio_d.lib(GerenciadorDeStrings.obj) : warning LNK4099: PDB 'libUnicornio-Windows.pdb' não foi encontrado 'libUnicornio_d.lib(GerenciadorDeStrings.obj)' ou no 'C:\LibUni\libUnicornio-1.1.2\projetos\TheAdventure\bin\libUnicornio-Windows.pdb'; vinculando objeto quando quando sem nenhuma informação de depuração
libUnicornio_d.lib(GrupoDeStrings.obj) : warning LNK4099: PDB 'libUnicornio-Windows.pdb' não foi encontrado 'libUnicornio_d.lib(GrupoDeStrings.obj)' ou no 'C:\LibUni\libUnicornio-1.1.2\projetos\TheAdventure\bin\libUnicornio-Windows.pdb'; vinculando objeto quando quando sem nenhuma informação de depuração
libUnicornio_d.lib(GerenciadorDeTempo.obj) : warning LNK4099: PDB 'libUnicornio-Windows.pdb' não foi encontrado 'libUnicornio_d.lib(GerenciadorDeTempo.obj)' ou no 'C:\LibUni\libUnicornio-1.1.2\projetos\TheAdventure\bin\libUnicornio-Windows.pdb'; vinculando objeto quando quando sem nenhuma informação de depuração
libUnicornio_d.lib(uniFuncoesPrincipais.obj) : warning LNK4099: PDB 'libUnicornio-Windows.pdb' não foi encontrado 'libUnicornio_d.lib(uniFuncoesPrincipais.obj)' ou no 'C:\LibUni\libUnicornio-1.1.2\projetos\TheAdventure\bin\libUnicornio-Windows.pdb'; vinculando objeto quando quando sem nenhuma informação de depuração
libUnicornio_d.lib(Vetor2D.obj) : warning LNK4099: PDB 'libUnicornio-Windows.pdb' não foi encontrado 'libUnicornio_d.lib(Vetor2D.obj)' ou no 'C:\LibUni\libUnicornio-1.1.2\projetos\TheAdventure\bin\libUnicornio-Windows.pdb'; vinculando objeto quando quando sem nenhuma informação de depuração
  base.vcxproj -> C:\LibUni\libUnicornio-1.1.2\projetos\TheAdventure\bin\TheAdventure-debug.exe
