c:\libuni\libunicornio-1.1.2\projetos\theadventure\debug\vc142.pdb
c:\libuni\libunicornio-1.1.2\projetos\theadventure\debug\vc142.idb
c:\libuni\libunicornio-1.1.2\projetos\theadventure\debug\main.obj
c:\libuni\libunicornio-1.1.2\projetos\theadventure\debug\jogo.obj
c:\libuni\libunicornio-1.1.2\projetos\theadventure\debug\player.obj
c:\libuni\libunicornio-1.1.2\projetos\theadventure\debug\minerio.obj
c:\libuni\libunicornio-1.1.2\projetos\theadventure\bin\base-debug.exe
c:\libuni\libunicornio-1.1.2\projetos\theadventure\bin\base-debug.ilk
c:\libuni\libunicornio-1.1.2\projetos\theadventure\bin\base-debug.pdb
c:\libuni\libunicornio-1.1.2\projetos\theadventure\debug\base.tlog\cl.command.1.tlog
c:\libuni\libunicornio-1.1.2\projetos\theadventure\debug\base.tlog\cl.read.1.tlog
c:\libuni\libunicornio-1.1.2\projetos\theadventure\debug\base.tlog\cl.write.1.tlog
c:\libuni\libunicornio-1.1.2\projetos\theadventure\debug\base.tlog\link.10208.delete.1.tlog
c:\libuni\libunicornio-1.1.2\projetos\theadventure\debug\base.tlog\link.12284.delete.1.tlog
c:\libuni\libunicornio-1.1.2\projetos\theadventure\debug\base.tlog\link.14856.delete.1.tlog
c:\libuni\libunicornio-1.1.2\projetos\theadventure\debug\base.tlog\link.1524.delete.1.tlog
c:\libuni\libunicornio-1.1.2\projetos\theadventure\debug\base.tlog\link.18952.delete.1.tlog
c:\libuni\libunicornio-1.1.2\projetos\theadventure\debug\base.tlog\link.22860.delete.1.tlog
c:\libuni\libunicornio-1.1.2\projetos\theadventure\debug\base.tlog\link.26692.delete.1.tlog
c:\libuni\libunicornio-1.1.2\projetos\theadventure\debug\base.tlog\link.27068.delete.1.tlog
c:\libuni\libunicornio-1.1.2\projetos\theadventure\debug\base.tlog\link.9608.delete.1.tlog
c:\libuni\libunicornio-1.1.2\projetos\theadventure\debug\base.tlog\link.command.1.tlog
c:\libuni\libunicornio-1.1.2\projetos\theadventure\debug\base.tlog\link.delete.1.tlog
c:\libuni\libunicornio-1.1.2\projetos\theadventure\debug\base.tlog\link.read.1.tlog
c:\libuni\libunicornio-1.1.2\projetos\theadventure\debug\base.tlog\link.write.1.tlog
