c:\libuni\libunicornio-1.1.2\projetos\little_santa\debug\vc142.pdb
c:\libuni\libunicornio-1.1.2\projetos\little_santa\debug\vc142.idb
c:\libuni\libunicornio-1.1.2\projetos\little_santa\debug\jogo.obj
c:\libuni\libunicornio-1.1.2\projetos\little_santa\debug\main.obj
c:\libuni\libunicornio-1.1.2\projetos\little_santa\debug\objeto.obj
c:\libuni\libunicornio-1.1.2\projetos\little_santa\debug\personagem.obj
c:\libuni\libunicornio-1.1.2\projetos\little_santa\debug\personagem2.obj
c:\libuni\libunicornio-1.1.2\projetos\little_santa\bin\littlesanta.exe
c:\libuni\libunicornio-1.1.2\projetos\little_santa\bin\littlesanta.ilk
c:\libuni\libunicornio-1.1.2\projetos\little_santa\bin\littlesanta.pdb
c:\libuni\libunicornio-1.1.2\projetos\little_santa\debug\littlesanta.res
c:\libuni\libunicornio-1.1.2\projetos\little_santa\debug\candy.obj
c:\libuni\libunicornio-1.1.2\projetos\little_santa\debug\moeda.obj
c:\libuni\libunicornio-1.1.2\projetos\little_santa\debug\vc141.idb
c:\libuni\libunicornio-1.1.2\projetos\little_santa\debug\vc141.pdb
c:\libuni\libunicornio-1.1.2\projetos\little_santa\debug\littlesanta.tlog\cl.command.1.tlog
c:\libuni\libunicornio-1.1.2\projetos\little_santa\debug\littlesanta.tlog\cl.read.1.tlog
c:\libuni\libunicornio-1.1.2\projetos\little_santa\debug\littlesanta.tlog\cl.write.1.tlog
c:\libuni\libunicornio-1.1.2\projetos\little_santa\debug\littlesanta.tlog\link.16072.delete.1.tlog
c:\libuni\libunicornio-1.1.2\projetos\little_santa\debug\littlesanta.tlog\link.22444.delete.1.tlog
c:\libuni\libunicornio-1.1.2\projetos\little_santa\debug\littlesanta.tlog\link.6652.delete.1.tlog
c:\libuni\libunicornio-1.1.2\projetos\little_santa\debug\littlesanta.tlog\link.command.1.tlog
c:\libuni\libunicornio-1.1.2\projetos\little_santa\debug\littlesanta.tlog\link.delete.1.tlog
c:\libuni\libunicornio-1.1.2\projetos\little_santa\debug\littlesanta.tlog\link.read.1.tlog
c:\libuni\libunicornio-1.1.2\projetos\little_santa\debug\littlesanta.tlog\link.write.1.tlog
c:\libuni\libunicornio-1.1.2\projetos\little_santa\debug\littlesanta.tlog\rc.command.1.tlog
c:\libuni\libunicornio-1.1.2\projetos\little_santa\debug\littlesanta.tlog\rc.read.1.tlog
c:\libuni\libunicornio-1.1.2\projetos\little_santa\debug\littlesanta.tlog\rc.write.1.tlog
